2024-11-09 11:15:26,227 - ERROR - Database connection error: Access denied for user 'egovern_user'@'localhost' (using password: YES)
2024-11-09 11:15:51,728 - INFO - MariaDB connection pool created successfully.
2024-11-09 11:15:51,734 - INFO - Data fetched successfully from the database.
2024-11-09 11:17:20,859 - ERROR - Database connection error: Access denied for user 'egovern_user'@'localhost' (using password: YES)
2024-11-09 11:17:26,829 - ERROR - Database connection error: Access denied for user 'egovern_user'@'localhost' (using password: YES)
2024-11-09 11:17:40,155 - INFO - MariaDB connection pool created successfully.
2024-11-09 11:17:40,160 - INFO - Data fetched successfully from the database.
2024-11-09 11:22:05,963 - ERROR - Database connection error: Access denied for user 'egovern_user'@'localhost' (using password: YES)
2024-11-09 11:22:24,610 - INFO - MariaDB connection pool created successfully.
2024-11-09 11:22:24,614 - INFO - Data fetched successfully from the database.
2024-11-11 00:15:30,834 - INFO - MariaDB connection pool created successfully.
2024-11-11 00:15:30,842 - INFO - Data fetched successfully from the database.
2024-11-23 13:13:29,689 - INFO - MariaDB connection pool created successfully.
2024-11-23 13:13:29,698 - INFO - Data fetched successfully from the database.
2024-11-23 13:15:36,679 - INFO - MariaDB connection pool created successfully.
2024-11-23 13:15:36,723 - INFO - Data fetched successfully from the database.
2024-11-23 13:20:51,339 - INFO - MariaDB connection pool created successfully.
2024-11-23 13:20:51,352 - INFO - Data fetched successfully from the database.
2024-11-23 13:24:28,999 - INFO - MariaDB connection pool created successfully.
2024-11-23 13:24:29,007 - INFO - Data fetched successfully from the database.
2024-11-23 13:25:29,479 - INFO - MariaDB connection pool created successfully.
2024-11-23 13:25:29,504 - INFO - Data fetched successfully from the database.
